\BOOKMARK [0][-]{chapter.1}{Einleitung}{}% 1
\BOOKMARK [1][-]{section.1.1}{Gliederung}{chapter.1}% 2
\BOOKMARK [1][-]{section.1.2}{Text formatieren}{chapter.1}% 3
\BOOKMARK [1][-]{section.1.3}{Umbr\374che}{chapter.1}% 4
\BOOKMARK [1][-]{section.1.4}{Schriftart formatieren}{chapter.1}% 5
\BOOKMARK [2][-]{subsection.1.4.1}{Default Fonts}{section.1.4}% 6
\BOOKMARK [0][-]{chapter.2}{Grundlagen}{}% 7
\BOOKMARK [1][-]{section.2.1}{Tabellen}{chapter.2}% 8
\BOOKMARK [1][-]{section.2.2}{Einbindung von Tabellen}{chapter.2}% 9
\BOOKMARK [1][-]{section.2.3}{Figures}{chapter.2}% 10
\BOOKMARK [1][-]{section.2.4}{Graphiken}{chapter.2}% 11
\BOOKMARK [2][-]{subsection.2.4.1}{Beispiel f\374r Grafiken}{section.2.4}% 12
\BOOKMARK [2][-]{subsection.2.4.2}{Einbindung von 2 Grafiken nebeneinander}{section.2.4}% 13
\BOOKMARK [2][-]{subsection.2.4.3}{Darstellung von 3 Bildern nebeneinander}{section.2.4}% 14
\BOOKMARK [1][-]{section.2.5}{Bildunterschriften}{chapter.2}% 15
\BOOKMARK [1][-]{section.2.6}{Aufz\344hlungen}{chapter.2}% 16
\BOOKMARK [1][-]{section.2.7}{Farben}{chapter.2}% 17
\BOOKMARK [1][-]{section.2.8}{Matheumgebung}{chapter.2}% 18
\BOOKMARK [1][-]{section.2.9}{Formelnummerierung nach section}{chapter.2}% 19
\BOOKMARK [1][-]{section.2.10}{Nummerierung der Formeln}{chapter.2}% 20
\BOOKMARK [0][-]{chapter.3}{Implementierung von xy}{}% 21
\BOOKMARK [1][-]{section.3.1}{Running Header}{chapter.3}% 22
\BOOKMARK [1][-]{section.3.2}{ich bin der Running Header}{chapter.3}% 23
\BOOKMARK [0][-]{chapter.4}{Konzept}{}% 24
\BOOKMARK [1][-]{section.4.1}{Zitate f\374r die Bibliography}{chapter.4}% 25
\BOOKMARK [2][-]{subsection.4.1.1}{Beispiel f\374r Zitate}{section.4.1}% 26
\BOOKMARK [0][-]{chapter.5}{Ergebnisse}{}% 27
\BOOKMARK [0][-]{chapter.6}{Diskussion}{}% 28
\BOOKMARK [1][-]{section.6.1}{Test f\374r Abstand der Sektion}{chapter.6}% 29
\BOOKMARK [2][-]{subsection.6.1.1}{Test f\374r den Subsectionabstand}{section.6.1}% 30
\BOOKMARK [0][-]{chapter.7}{Zusammenfassung}{}% 31
\BOOKMARK [0][-]{appendix.A}{Anhang}{}% 32
\BOOKMARK [0][-]{chapter*.21}{Abk\374rzungsverzeichnis}{}% 33
\BOOKMARK [0][-]{chapter*.22}{Literaturverzeichnis}{}% 34
