This is pdfTeX, Version 3.14159265-2.6-1.40.17 (MiKTeX 2.9.6100 64-bit) (preloaded format=pdflatex 2016.11.22)  23 NOV 2016 11:25
entering extended mode
**Titelseite2.tex pdflatex Titelseite2.tex
(Titelseite2.tex
LaTeX2e <2016/03/31> patch level 3
Babel <3.9r> and hyphenation patterns for 75 language(s) loaded.

! LaTeX Error: \maketitle undefined.

See the LaTeX manual or LaTeX Companion for explanation.
Type  H <return>  for immediate help.
 ...                                              
                                                  
l.80 \renewcommand{\maketitle}
                              {%
Try typing  <return>  to proceed.
If that doesn't work, type  X <return>  to quit.


! LaTeX Error: Environment titlepage undefined.

See the LaTeX manual or LaTeX Companion for explanation.
Type  H <return>  for immediate help.
 ...                                              
                                                  
l.103 \maketitle
                
Your command was ignored.
Type  I <command> <return>  to replace it with another command,
or  <return>  to continue without it.


! LaTeX Error: Missing \begin{document}.

See the LaTeX manual or LaTeX Companion for explanation.
Type  H <return>  for immediate help.
 ...                                              
                                                  
l.103 \maketitle
                
You're in trouble here.  Try typing  <return>  to proceed.
If that doesn't work, type  X <return>  to quit.


Overfull \hbox (20.0pt too wide) in paragraph at lines 103--103
[] 
 []

! Undefined control sequence.
\titlep ...3cm} \begin {center} {\rmfamily \large 
                                                  \textbf { Friedrich-Alexan...
l.103 \maketitle
                
The control sequence at the end of the top line
of your error message was never \def'ed. If you have
misspelled it (e.g., `\hobx'), type `I' and the correct
spelling (e.g., `I\hbox'). Otherwise just continue,
and I'll forget about whatever was undefined.

Missing character: There is no √ in font cmbx10!
Missing character: There is no § in font cmbx10!
Missing character: There is no √ in font cmbx10!
Missing character: There is no º in font cmbx10!

Overfull \hbox (48.81227pt too wide) in paragraph at lines 103--103
 \OT1/cmr/bx/n/10 Friedrich- 
 []


Overfull \hbox (55.43721pt too wide) in paragraph at lines 103--103
 \OT1/cmr/bx/n/10 Alexander- 
 []


Overfull \hbox (50.86223pt too wide) in paragraph at lines 103--103
 \OT1/cmr/bx/n/10 Universitt 
 []


Overfull \hbox (48.70807pt too wide) in paragraph at lines 103--103
 \OT1/cmr/bx/n/10 Erlangen- 
 []


Overfull \hbox (42.43037pt too wide) in paragraph at lines 103--103
 \OT1/cmr/bx/n/10 Nrnberg 
 []

! Undefined control sequence.
\titlep ...1,4cm \begin {center} \includegraphics 
                                                  [scale=0.80]{\@faulogo } \...
l.103 \maketitle
                
The control sequence at the end of the top line
of your error message was never \def'ed. If you have
misspelled it (e.g., `\hobx'), type `I' and the correct
spelling (e.g., `I\hbox'). Otherwise just continue,
and I'll forget about whatever was undefined.

Missing character: There is no [ in font nullfont!
Missing character: There is no s in font nullfont!
Missing character: There is no c in font nullfont!
Missing character: There is no a in font nullfont!
Missing character: There is no l in font nullfont!
Missing character: There is no e in font nullfont!
Missing character: There is no = in font nullfont!
Missing character: There is no 0 in font nullfont!
Missing character: There is no . in font nullfont!
Missing character: There is no 8 in font nullfont!
Missing character: There is no 0 in font nullfont!
Missing character: There is no ] in font nullfont!
Missing character: There is no A in font nullfont!
Missing character: There is no b in font nullfont!
Missing character: There is no b in font nullfont!
Missing character: There is no i in font nullfont!
Missing character: There is no l in font nullfont!
Missing character: There is no d in font nullfont!
Missing character: There is no u in font nullfont!
Missing character: There is no n in font nullfont!
Missing character: There is no g in font nullfont!
Missing character: There is no e in font nullfont!
Missing character: There is no n in font nullfont!
Missing character: There is no / in font nullfont!
Missing character: There is no f in font nullfont!
Missing character: There is no a in font nullfont!
Missing character: There is no u in font nullfont!
Missing character: There is no . in font nullfont!
Missing character: There is no p in font nullfont!
Missing character: There is no n in font nullfont!
Missing character: There is no g in font nullfont!
! Undefined control sequence.
\titlep ...\@faulogo } \hfill \vskip .8cm {\large 
                                                  \bfseries Lehrstuhl f√ºr I...
l.103 \maketitle
                
The control sequence at the end of the top line
of your error message was never \def'ed. If you have
misspelled it (e.g., `\hobx'), type `I' and the correct
spelling (e.g., `I\hbox'). Otherwise just continue,
and I'll forget about whatever was undefined.

Missing character: There is no √ in font cmbx10!
Missing character: There is no º in font cmbx10!

Overfull \hbox (48.2928pt too wide) in paragraph at lines 103--103
 []\OT1/cmr/bx/n/10 Lehrstuhl 
 []


Overfull \hbox (8.24997pt too wide) in paragraph at lines 103--103
 \OT1/cmr/bx/n/10 fr 
 []


Overfull \hbox (14.58325pt too wide) in paragraph at lines 103--103
 \OT1/cmr/bx/n/10 In- 
 []


Overfull \hbox (17.83325pt too wide) in paragraph at lines 103--103
 \OT1/cmr/bx/n/10 for- 
 []


Overfull \hbox (19.00682pt too wide) in paragraph at lines 103--103
 \OT1/cmr/bx/n/10 ma- 
 []


Overfull \hbox (23.63876pt too wide) in paragraph at lines 103--103
 \OT1/cmr/bx/n/10 tion- 
 []


Overfull \hbox (29.2929pt too wide) in paragraph at lines 103--103
 \OT1/cmr/bx/n/10 stech- 
 []


Overfull \hbox (15.6527pt too wide) in paragraph at lines 103--103
 \OT1/cmr/bx/n/10 nik 
 []


Overfull \hbox (69.42326pt too wide) in paragraph at lines 103--103
 []\OT1/cmr/bx/n/10 (Schwerpunkt 
 []


Overfull \hbox (28.1804pt too wide) in paragraph at lines 103--103
 \OT1/cmr/bx/n/10 Kom- 
 []


Overfull \hbox (19.48601pt too wide) in paragraph at lines 103--103
 \OT1/cmr/bx/n/10 mu- 
 []


Overfull \hbox (24.43735pt too wide) in paragraph at lines 103--103
 \OT1/cmr/bx/n/10 nika- 
 []


Overfull \hbox (23.63876pt too wide) in paragraph at lines 103--103
 \OT1/cmr/bx/n/10 tion- 
 []


Overfull \hbox (13.6402pt too wide) in paragraph at lines 103--103
 \OT1/cmr/bx/n/10 se- 
 []


Overfull \hbox (18.36797pt too wide) in paragraph at lines 103--103
 \OT1/cmr/bx/n/10 lek- 
 []


Overfull \hbox (35.08316pt too wide) in paragraph at lines 103--103
 \OT1/cmr/bx/n/10 tronik) 
 []

! Undefined control sequence.
\titlep ...tronik)} \vskip 1.2cm \includegraphics 
                                                  [scale=0.40]{\@likelogo } ...
l.103 \maketitle
                
The control sequence at the end of the top line
of your error message was never \def'ed. If you have
misspelled it (e.g., `\hobx'), type `I' and the correct
spelling (e.g., `I\hbox'). Otherwise just continue,
and I'll forget about whatever was undefined.

Missing character: There is no [ in font nullfont!
Missing character: There is no s in font nullfont!
Missing character: There is no c in font nullfont!
Missing character: There is no a in font nullfont!
Missing character: There is no l in font nullfont!
Missing character: There is no e in font nullfont!
Missing character: There is no = in font nullfont!
Missing character: There is no 0 in font nullfont!
Missing character: There is no . in font nullfont!
Missing character: There is no 4 in font nullfont!
Missing character: There is no 0 in font nullfont!
Missing character: There is no ] in font nullfont!
Missing character: There is no A in font nullfont!
Missing character: There is no b in font nullfont!
Missing character: There is no b in font nullfont!
Missing character: There is no i in font nullfont!
Missing character: There is no l in font nullfont!
Missing character: There is no d in font nullfont!
Missing character: There is no u in font nullfont!
Missing character: There is no n in font nullfont!
Missing character: There is no g in font nullfont!
Missing character: There is no e in font nullfont!
Missing character: There is no n in font nullfont!
Missing character: There is no / in font nullfont!
Missing character: There is no l in font nullfont!
Missing character: There is no i in font nullfont!
Missing character: There is no k in font nullfont!
Missing character: There is no e in font nullfont!
Missing character: There is no . in font nullfont!
Missing character: There is no p in font nullfont!
Missing character: There is no n in font nullfont!
Missing character: There is no g in font nullfont!
! Undefined control sequence.
\titlep ...fill \end {center} \vskip .3cm {\Large 
                                                  \@artderarbeit ~ mit dem T...
l.103 \maketitle
                
The control sequence at the end of the top line
of your error message was never \def'ed. If you have
misspelled it (e.g., `\hobx'), type `I' and the correct
spelling (e.g., `I\hbox'). Otherwise just continue,
and I'll forget about whatever was undefined.

Missing character: There is no M in font nullfont!
Missing character: There is no a in font nullfont!
Missing character: There is no s in font nullfont!
Missing character: There is no t in font nullfont!
Missing character: There is no e in font nullfont!
Missing character: There is no r in font nullfont!
Missing character: There is no a in font nullfont!
Missing character: There is no r in font nullfont!
Missing character: There is no b in font nullfont!
Missing character: There is no e in font nullfont!
Missing character: There is no i in font nullfont!
Missing character: There is no t in font nullfont!
Missing character: There is no m in font nullfont!
Missing character: There is no i in font nullfont!
Missing character: There is no t in font nullfont!
Missing character: There is no d in font nullfont!
Missing character: There is no e in font nullfont!
Missing character: There is no m in font nullfont!
Missing character: There is no T in font nullfont!
Missing character: There is no h in font nullfont!
Missing character: There is no e in font nullfont!
Missing character: There is no m in font nullfont!
Missing character: There is no a in font nullfont!
Missing character: There is no : in font nullfont!
! Undefined control sequence.
\titlep ...ema:\\} \vskip 1.7cm {\rmfamily \Large 
                                                  \bfseries \expandafter {\@...
l.103 \maketitle
                
The control sequence at the end of the top line
of your error message was never \def'ed. If you have
misspelled it (e.g., `\hobx'), type `I' and the correct
spelling (e.g., `I\hbox'). Otherwise just continue,
and I'll forget about whatever was undefined.

Missing character: There is no √ in font cmbx10!
Missing character: There is no º in font cmbx10!

Overfull \hbox (28.31927pt too wide) in paragraph at lines 103--103
 \OT1/cmr/bx/n/10 Latex 
 []


Overfull \hbox (8.24997pt too wide) in paragraph at lines 103--103
 \OT1/cmr/bx/n/10 fr 
 []


Overfull \hbox (18.91656pt too wide) in paragraph at lines 103--103
 \OT1/cmr/bx/n/10 Ab- 
 []


Overfull \hbox (33.66924pt too wide) in paragraph at lines 103--103
 \OT1/cmr/bx/n/10 schlus- 
 []


Overfull \hbox (18.69571pt too wide) in paragraph at lines 103--103
 \OT1/cmr/bx/n/10 sar- 
 []


Overfull \hbox (31.3054pt too wide) in paragraph at lines 103--103
 \OT1/cmr/bx/n/10 beiten 
 []


! LaTeX Error: Environment table undefined.

See the LaTeX manual or LaTeX Companion for explanation.
Type  H <return>  for immediate help.
 ...                                              
                                                  
l.103 \maketitle
                
Your command was ignored.
Type  I <command> <return>  to replace it with another command,
or  <return>  to continue without it.

Missing character: There is no [ in font nullfont!
Missing character: There is no h in font nullfont!
Missing character: There is no ! in font nullfont!
Missing character: There is no ] in font nullfont!

Overfull \hbox (20.0pt too wide) in paragraph at lines 103--103
[] 
 []

! Undefined control sequence.
\titlep ...r \begin {table}[h!] \flushleft \large 
                                                  \renewcommand {\arraystret...
l.103 \maketitle
                
The control sequence at the end of the top line
of your error message was never \def'ed. If you have
misspelled it (e.g., `\hobx'), type `I' and the correct
spelling (e.g., `I\hbox'). Otherwise just continue,
and I'll forget about whatever was undefined.

LaTeX Font Info:    External font `cmex10' loaded for size
(Font)              <7> on input line 103.
LaTeX Font Info:    External font `cmex10' loaded for size
(Font)              <5> on input line 103.
Missing character: There is no B in font nullfont!
Missing character: There is no e in font nullfont!
Missing character: There is no a in font nullfont!
Missing character: There is no r in font nullfont!
Missing character: There is no b in font nullfont!
Missing character: There is no e in font nullfont!
Missing character: There is no i in font nullfont!
Missing character: There is no t in font nullfont!
Missing character: There is no e in font nullfont!
Missing character: There is no r in font nullfont!
! Undefined control sequence.
\titlep ...{4cm}l} Bearbeiter & {\rmfamily \large 
                                                  \expandafter {\@author }}\...
l.103 \maketitle
                
The control sequence at the end of the top line
of your error message was never \def'ed. If you have
misspelled it (e.g., `\hobx'), type `I' and the correct
spelling (e.g., `I\hbox'). Otherwise just continue,
and I'll forget about whatever was undefined.

! Undefined control sequence.
\titlep ...r }}\tabularnewline [.6ex] \ifthenelse 
                                                  {\equal {\@matrikelnummer ...
l.103 \maketitle
                
The control sequence at the end of the top line
of your error message was never \def'ed. If you have
misspelled it (e.g., `\hobx'), type `I' and the correct
spelling (e.g., `I\hbox'). Otherwise just continue,
and I'll forget about whatever was undefined.

! Undefined control sequence.
\titlep ...ularnewline [.6ex] \ifthenelse {\equal 
                                                  {\@matrikelnummer }{\relax...
l.103 \maketitle
                
The control sequence at the end of the top line
of your error message was never \def'ed. If you have
misspelled it (e.g., `\hobx'), type `I' and the correct
spelling (e.g., `I\hbox'). Otherwise just continue,
and I'll forget about whatever was undefined.

Missing character: There is no 1 in font nullfont!
Missing character: There is no 2 in font nullfont!
Missing character: There is no 3 in font nullfont!
Missing character: There is no 4 in font nullfont!
Missing character: There is no 5 in font nullfont!
Missing character: There is no 4 in font nullfont!
Missing character: There is no 5 in font nullfont!
Missing character: There is no 6 in font nullfont!
Missing character: There is no 4 in font nullfont!
Missing character: There is no 6 in font nullfont!
Missing character: There is no M in font nullfont!
Missing character: There is no a in font nullfont!
Missing character: There is no t in font nullfont!
Missing character: There is no r in font nullfont!
Missing character: There is no i in font nullfont!
Missing character: There is no k in font nullfont!
Missing character: There is no e in font nullfont!
Missing character: There is no l in font nullfont!
Missing character: There is no n in font nullfont!
Missing character: There is no r in font nullfont!
Missing character: There is no . in font nullfont!
! Missing } inserted.
<inserted text> 
                }
l.103 \maketitle
                
I've put in what seems to be necessary to fix
the current column of the current alignment.
Try to go on, since this might almost work.

! Undefined control sequence.
\titlep ...r }\tabularnewline [.6ex]} \ifthenelse 
                   